<?xml version="1.0" encoding="UTF-8"?>
<!-- Generated by org.testng.reporters.JUnitXMLReporter -->
<testsuite hostname="LP1-AP-51660102" failures="0" tests="3" name="MY store App Test Cases" time="171.38" errors="0" timestamp="16 Mar 2021 16:09:49 GMT">
  <testcase classname="com.mystore.qa.testcases.CheckoutPageTest" name="checkoutPageTitleTest" time="0.043"/>
  <testcase classname="com.mystore.qa.testcases.CheckoutPageTest" name="confirmOrder" time="20.854"/>
  <testcase classname="com.mystore.qa.testcases.OrderHistoryPageTest" name="orderHistoryDetails" time="5.87"/>
</testsuite> <!-- MY store App Test Cases -->
